
Running subjobs on hosts:
  compute-16core-64gb-preemptible (Max: 100)
Number of jobs:       8
Max retries per job:  5
Max allowed failures: unlimited
Verbosity:            normal

Starting JobDJ...

Keep one job on driver host: False
JobDJ columns:
  C: Number of completed subjobs
  A: Number of active subjobs (e.g., submitted, running)
  W: Number of waiting/pending subjobs

C A W | Activity  JobId  JobName  JobHost
- - - | --------- -----------------------
0 1 7 | launched  6a52cc1c-f268-11ef-9584-42010a668048 r2scand3light_Pna21_SG_ACETAC_1_18_0_scf_0 compute-16core-64gb-preemptible []
0 2 6 | launched  6a4f65a2-f268-11ef-86e3-42010a668048 r2scand3light_P21c_TSI_ACETAC_3_1750_1_scf_0 compute-16core-64gb-preemptible []
0 3 5 | launched  6a511edb-f268-11ef-8c00-42010a668048 r2scand3light_P21c_TSI_ACETAC_1_2249_2_scf_0 compute-16core-64gb-preemptible []
0 4 4 | launched  6a51ed7d-f268-11ef-b94e-42010a668048 r2scand3light_P21c_TSI_ACETAC_1_1752_3_scf_0 compute-16core-64gb-preemptible []
0 5 3 | launched  6ec8236b-f268-11ef-bcb6-42010a668048 r2scand3light_Pna21_SG_ACETAC_3_35_4_scf_0 compute-16core-64gb-preemptible []
0 6 2 | launched  6f04a1c3-f268-11ef-9574-42010a668048 r2scand3light_P-1_ITTT_ACETAC_3_409_5_scf_0 compute-16core-64gb-preemptible []
0 7 1 | launched  6f0fc4c5-f268-11ef-a626-42010a668048 r2scand3light_Cc_GT_ACETAC_1_25_6_scf_0 compute-16core-64gb-preemptible []
0 8 0 | launched  6f16bd75-f268-11ef-a02b-42010a668048 r2scand3light_Pbcn_GIG_ACETAC_3_9_7_scf_0 compute-16core-64gb-preemptible []
1 7 0 | finished  6f0fc4c5-f268-11ef-a626-42010a668048 r2scand3light_Cc_GT_ACETAC_1_25_6_scf_0 compute-16core-64gb-preemptible []
2 6 0 | finished  6f04a1c3-f268-11ef-9574-42010a668048 r2scand3light_P-1_ITTT_ACETAC_3_409_5_scf_0 compute-16core-64gb-preemptible []
3 5 0 | finished  6a511edb-f268-11ef-8c00-42010a668048 r2scand3light_P21c_TSI_ACETAC_1_2249_2_scf_0 compute-16core-64gb-preemptible []
4 4 0 | finished  6a4f65a2-f268-11ef-86e3-42010a668048 r2scand3light_P21c_TSI_ACETAC_3_1750_1_scf_0 compute-16core-64gb-preemptible []
5 3 0 | finished  6ec8236b-f268-11ef-bcb6-42010a668048 r2scand3light_Pna21_SG_ACETAC_3_35_4_scf_0 compute-16core-64gb-preemptible []
6 2 0 | finished  6a52cc1c-f268-11ef-9584-42010a668048 r2scand3light_Pna21_SG_ACETAC_1_18_0_scf_0 compute-16core-64gb-preemptible []
7 1 0 | finished  6a51ed7d-f268-11ef-b94e-42010a668048 r2scand3light_P21c_TSI_ACETAC_1_1752_3_scf_0 compute-16core-64gb-preemptible []
8 0 0 | finished  6f16bd75-f268-11ef-a02b-42010a668048 r2scand3light_Pbcn_GIG_ACETAC_3_9_7_scf_0 compute-16core-64gb-preemptible [compute-16core-64gb-preemptible-623]

All jobs have completed.

8 of 8 job(s) succeeded; 0 job(s) failed.

