Job information
JobId ..................................... da4e03fa-f26f-11ef-bcd4-42010a668048
Name .............................. r2scand3tight_P21c_TSI_ACETAC_1_2249_2_scf_0
Program ............................................ Quantum ESPRESSO executable
Version ....................................................... 2024-3 build 139
Host ............................... driver-4core-standard-1.virtual-cluster.lan
Dir .................. /scratch/santra/jobs/d2ea4924-f26f-11ef-bc11-42010a660005
HostEntry ...................................... compute-16core-64gb-preemptible
Queue ..................................................................... None
JobHost ................ compute-16core-64gb-preemptible-624.virtual-cluster.lan
JobDir ............... /scratch/santra/jobs/da4e03fa-f26f-11ef-bcd4-42010a668048
JobSchrodinger ...... /opt/schrodinger/suite/suitefs/suites/suite2024-3-build139
Commandline  /opt/schrodinger/suite/suitefs/suites/suite2024-3-build139/run periodic_dft_gui_dir/runner.py pw.x r2scand3tight_P21c_TSI_ACETAC_1_2249_2_scf_0.xml -JOBNAME r2scand3tight_P21c_TSI_ACETAC_1_2249_2_scf_0 -OMP 1 -MPICORES 16 -npools 1 -QARG --no-requeue -collect rho,dataxml -retry_preempted -wall_time 82800 -HOST compute-16core-64gb-preemptible
StartTime .................................................. 2025-02-24-05:28:13
JobHostStartTime ...................................... Mon Feb 24 05:28:26 2025
Backend requested MPICORES = 16
Hosts list:  ['compute-16core-64gb-preemptible-624', 'compute-16core-64gb-preemptible-624', 'compute-16core-64gb-preemptible-624', 'compute-16core-64gb-preemptible-624', 'compute-16core-64gb-preemptible-624', 'compute-16core-64gb-preemptible-624', 'compute-16core-64gb-preemptible-624', 'compute-16core-64gb-preemptible-624', 'compute-16core-64gb-preemptible-624', 'compute-16core-64gb-preemptible-624', 'compute-16core-64gb-preemptible-624', 'compute-16core-64gb-preemptible-624', 'compute-16core-64gb-preemptible-624', 'compute-16core-64gb-preemptible-624', 'compute-16core-64gb-preemptible-624', 'compute-16core-64gb-preemptible-624']
Running a subprocess:
/home/santra/.schrodinger/2024-3/run_qe pw.x 16 1 r2scand3tight_P21c_TSI_ACETAC_1_2249_2_scf_0.in -npools 1
All done (exit code: 0) at Mon Feb 24 05:33:30 2025.
