
Running subjobs on hosts:
  compute-16core-64gb-preemptible (Max: 100)
Number of jobs:       4
Max retries per job:  5
Max allowed failures: unlimited
Verbosity:            normal

Starting JobDJ...

Keep one job on driver host: False
JobDJ columns:
  C: Number of completed subjobs
  A: Number of active subjobs (e.g., submitted, running)
  W: Number of waiting/pending subjobs

C A W | Activity  JobId  JobName  JobHost
- - - | --------- -----------------------
0 1 3 | launched  39e391b0-f2d4-11ef-8afd-42010a668048 pbed3tight_P21c_TSI_ACETAC_3_1750_0_vc-relax_0 compute-16core-64gb-preemptible []
0 2 2 | launched  39e91731-f2d4-11ef-bee0-42010a668048 pbed3tight_Pna21_SG_ACETAC_1_18_1_vc-relax_0 compute-16core-64gb-preemptible []
0 3 1 | launched  39ec27a2-f2d4-11ef-a445-42010a668048 pbed3tight_Cc_GT_ACETAC_1_25_2_vc-relax_0 compute-16core-64gb-preemptible []
0 4 0 | launched  39e9fecf-f2d4-11ef-8c46-42010a668048 pbed3tight_P-1_ITTT_ACETAC_3_409_3_vc-relax_0 compute-16core-64gb-preemptible []
1 3 0 | finished  39e391b0-f2d4-11ef-8afd-42010a668048 pbed3tight_P21c_TSI_ACETAC_3_1750_0_vc-relax_0 compute-16core-64gb-preemptible []
2 2 0 | finished  39e91731-f2d4-11ef-bee0-42010a668048 pbed3tight_Pna21_SG_ACETAC_1_18_1_vc-relax_0 compute-16core-64gb-preemptible []
3 1 0 | finished  39e9fecf-f2d4-11ef-8c46-42010a668048 pbed3tight_P-1_ITTT_ACETAC_3_409_3_vc-relax_0 compute-16core-64gb-preemptible []
Subjob 'pbed3tight_Cc_GT_ACETAC_1_25_2_vc-relax_0' died (died) [jobid 39ec27a2-f2d4-11ef-a445-42010a668048]
3 0 1 | died      39ec27a2-f2d4-11ef-a445-42010a668048 pbed3tight_Cc_GT_ACETAC_1_25_2_vc-relax_0 compute-16core-64gb-preemptible []
3 1 0 | restarted 1d561e09-f2d6-11ef-bb9b-42010a668048 pbed3tight_Cc_GT_ACETAC_1_25_2_vc-relax_0 compute-16core-64gb-preemptible []
4 0 0 | finished  1d561e09-f2d6-11ef-bb9b-42010a668048 pbed3tight_Cc_GT_ACETAC_1_25_2_vc-relax_0 compute-16core-64gb-preemptible []

All jobs have completed.

4 of 4 job(s) succeeded; 0 job(s) failed.

