
Running subjobs on hosts:
  compute-16core-64gb-preemptible (Max: 100)
Number of jobs:       4
Max retries per job:  5
Max allowed failures: unlimited
Verbosity:            normal

Starting JobDJ...

Keep one job on driver host: False
JobDJ columns:
  C: Number of completed subjobs
  A: Number of active subjobs (e.g., submitted, running)
  W: Number of waiting/pending subjobs

C A W | Activity  JobId  JobName  JobHost
- - - | --------- -----------------------
0 1 3 | launched  5299be7a-f2d1-11ef-ae7e-42010a668048 pbed3light_P21c_TSI_ACETAC_3_1750_0_vc-relax_0 compute-16core-64gb-preemptible []
0 2 2 | launched  5299be99-f2d1-11ef-8cb6-42010a668048 pbed3light_Pna21_SG_ACETAC_1_18_1_vc-relax_0 compute-16core-64gb-preemptible []
0 3 1 | launched  5299c09e-f2d1-11ef-93b5-42010a668048 pbed3light_Cc_GT_ACETAC_1_25_2_vc-relax_0 compute-16core-64gb-preemptible []
0 4 0 | launched  5299be7b-f2d1-11ef-ba6c-42010a668048 pbed3light_P-1_ITTT_ACETAC_3_409_3_vc-relax_0 compute-16core-64gb-preemptible []
Subjob 'pbed3light_P21c_TSI_ACETAC_3_1750_0_vc-relax_0' died (killed) [jobid 5299be7a-f2d1-11ef-ae7e-42010a668048]
Subjob 'pbed3light_P-1_ITTT_ACETAC_3_409_3_vc-relax_0' died (killed) [jobid 5299be7b-f2d1-11ef-ba6c-42010a668048]
0 3 1 | killed    5299be7a-f2d1-11ef-ae7e-42010a668048 pbed3light_P21c_TSI_ACETAC_3_1750_0_vc-relax_0 compute-16core-64gb-preemptible [compute-16core-64gb-preemptible-618]
1 2 1 | finished  5299c09e-f2d1-11ef-93b5-42010a668048 pbed3light_Cc_GT_ACETAC_1_25_2_vc-relax_0 compute-16core-64gb-preemptible []
1 1 2 | killed    5299be7b-f2d1-11ef-ba6c-42010a668048 pbed3light_P-1_ITTT_ACETAC_3_409_3_vc-relax_0 compute-16core-64gb-preemptible [compute-16core-64gb-preemptible-619]
1 2 1 | restarted cfbba203-f2d1-11ef-a267-42010a668048 pbed3light_P21c_TSI_ACETAC_3_1750_0_vc-relax_0 compute-16core-64gb-preemptible []
1 3 0 | restarted cfbd51f1-f2d1-11ef-aa53-42010a668048 pbed3light_P-1_ITTT_ACETAC_3_409_3_vc-relax_0 compute-16core-64gb-preemptible []
2 2 0 | finished  5299be99-f2d1-11ef-8cb6-42010a668048 pbed3light_Pna21_SG_ACETAC_1_18_1_vc-relax_0 compute-16core-64gb-preemptible []
3 1 0 | finished  cfbba203-f2d1-11ef-a267-42010a668048 pbed3light_P21c_TSI_ACETAC_3_1750_0_vc-relax_0 compute-16core-64gb-preemptible []
4 0 0 | finished  cfbd51f1-f2d1-11ef-aa53-42010a668048 pbed3light_P-1_ITTT_ACETAC_3_409_3_vc-relax_0 compute-16core-64gb-preemptible []

All jobs have completed.

4 of 4 job(s) succeeded; 0 job(s) failed.

