Job information
JobId ..................................... e71ad2a3-f2d9-11ef-84c3-42010a668048
Name .............................. r2scand3tight_P21c_TSI_ACETAC_3_1750_1_scf_0
Program ............................................ Quantum ESPRESSO executable
Version ....................................................... 2024-3 build 139
Host ............................... driver-4core-standard-1.virtual-cluster.lan
Dir .................. /scratch/santra/jobs/e0d5034a-f2d9-11ef-b9f7-42010a660005
HostEntry ...................................... compute-16core-64gb-preemptible
Queue ..................................................................... None
JobHost ................ compute-16core-64gb-preemptible-618.virtual-cluster.lan
JobDir ............... /scratch/santra/jobs/e71ad2a3-f2d9-11ef-84c3-42010a668048
JobSchrodinger ...... /opt/schrodinger/suite/suitefs/suites/suite2024-3-build139
Commandline  /opt/schrodinger/suite/suitefs/suites/suite2024-3-build139/run periodic_dft_gui_dir/runner.py pw.x r2scand3tight_P21c_TSI_ACETAC_3_1750_1_scf_0.xml -JOBNAME r2scand3tight_P21c_TSI_ACETAC_3_1750_1_scf_0 -OMP 1 -MPICORES 16 -npools 1 -QARG --no-requeue -collect rho,dataxml -retry_preempted -wall_time 82800 -HOST compute-16core-64gb-preemptible
StartTime .................................................. 2025-02-24-18:07:25
JobHostStartTime ...................................... Mon Feb 24 18:07:39 2025
Backend requested MPICORES = 16
Hosts list:  ['compute-16core-64gb-preemptible-618', 'compute-16core-64gb-preemptible-618', 'compute-16core-64gb-preemptible-618', 'compute-16core-64gb-preemptible-618', 'compute-16core-64gb-preemptible-618', 'compute-16core-64gb-preemptible-618', 'compute-16core-64gb-preemptible-618', 'compute-16core-64gb-preemptible-618', 'compute-16core-64gb-preemptible-618', 'compute-16core-64gb-preemptible-618', 'compute-16core-64gb-preemptible-618', 'compute-16core-64gb-preemptible-618', 'compute-16core-64gb-preemptible-618', 'compute-16core-64gb-preemptible-618', 'compute-16core-64gb-preemptible-618', 'compute-16core-64gb-preemptible-618']
Running a subprocess:
/home/santra/.schrodinger/2024-3/run_qe pw.x 16 1 r2scand3tight_P21c_TSI_ACETAC_3_1750_1_scf_0.in -npools 1
All done (exit code: 0) at Mon Feb 24 18:13:58 2025.
