Job information
JobId ..................................... e0d5034a-f2d9-11ef-b9f7-42010a660005
Name ............................................................. r2scand3tight
Program ........................................................... Periodic DFT
Version ....................................................... 2024-3 build 139
Host .............................................. frontend.virtual-cluster.lan
Dir .... /personal-installations/santra/csp-dft-workflow/dft_jobs_STU_compatible
HostEntry ................................................ driver-4core-standard
Queue ..................................................................... None
JobHost ............................ driver-4core-standard-1.virtual-cluster.lan
JobDir ............... /scratch/santra/jobs/e0d5034a-f2d9-11ef-b9f7-42010a660005
JobSchrodinger ...... /opt/schrodinger/suite/suitefs/suites/suite2024-3-build139
Commandline  /opt/schrodinger/suite/suitefs/suites/suite2024-3-build139/run
periodic_dft_gui_dir/periodic_dft_driver.py -cfg_file r2scand3tight.cfg
r2scand3tight-in.maegz -TPP 16 -JOBNAME r2scand3tight -HOST driver-4core-
standard -SUBHOST compute-16core-64gb-preemptible:100 -max_retries 5
-qargs=--no-requeue -save_failures -npools 1
StartTime .................................................. 2025-02-24-18:05:09
JobHostStartTime ...................................... Mon Feb 24 18:05:12 2025

Command line options:
OMP .......................................................................... 1
TPP ......................................................................... 16
cfg_file ..................................................... r2scand3tight.cfg
gpu ...................................................................... False
input_file .............................................. r2scand3tight-in.maegz
max_retries .................................................................. 5
md_chkpoint ............................................................... None
md_trj_file ............................................................... None
nband ..................................................................... None
nimage .................................................................... None
npools ....................................................................... 1
ntg ....................................................................... None
qargs ............................................................. --no-requeue
save_failures ............................................................. True
save_props ............................................................... False
write_only ............................................................... False
Using run_qe from /home/santra/.schrodinger/2024-3/run_qe
Reuse driver host: False
r2scand3tight_Pna21_SG_ACETAC_1_18_0: Adding SCF step
r2scand3tight_P21c_TSI_ACETAC_3_1750_1: Adding SCF step
r2scand3tight_P-1_ITTT_ACETAC_3_409_2: Adding SCF step
r2scand3tight_Cc_GT_ACETAC_1_25_3: Adding SCF step
r2scand3tight_Pna21_SG_ACETAC_1_18_0: SCF: Generating input...
r2scand3tight_P21c_TSI_ACETAC_3_1750_1: SCF: Generating input...
r2scand3tight_P-1_ITTT_ACETAC_3_409_2: SCF: Generating input...
r2scand3tight_Cc_GT_ACETAC_1_25_3: SCF: Generating input...
r2scand3tight_P-1_ITTT_ACETAC_3_409_2: SCF: Finalizing this step...
r2scand3tight_Cc_GT_ACETAC_1_25_3: SCF: Finalizing this step...
r2scand3tight_P21c_TSI_ACETAC_3_1750_1: SCF: Finalizing this step...
r2scand3tight_Pna21_SG_ACETAC_1_18_0: SCF: Finalizing this step...
All done.
