
Running subjobs on hosts:
  compute-16core-64gb-preemptible (Max: 100)
Number of jobs:       4
Max retries per job:  5
Max allowed failures: unlimited
Verbosity:            normal

Starting JobDJ...

Keep one job on driver host: False
JobDJ columns:
  C: Number of completed subjobs
  A: Number of active subjobs (e.g., submitted, running)
  W: Number of waiting/pending subjobs

C A W | Activity  JobId  JobName  JobHost
- - - | --------- -----------------------
0 1 3 | launched  98e8b1e2-f2d2-11ef-89dd-42010a668048 r2scand3light_Pna21_SG_ACETAC_1_18_0_scf_0 compute-16core-64gb-preemptible []
0 2 2 | launched  98e8b2a9-f2d2-11ef-bd06-42010a668048 r2scand3light_P21c_TSI_ACETAC_3_1750_1_scf_0 compute-16core-64gb-preemptible []
0 3 1 | launched  98e9ad9d-f2d2-11ef-a678-42010a668048 r2scand3light_P-1_ITTT_ACETAC_3_409_2_scf_0 compute-16core-64gb-preemptible []
0 4 0 | launched  98ea1aff-f2d2-11ef-bd7c-42010a668048 r2scand3light_Cc_GT_ACETAC_1_25_3_scf_0 compute-16core-64gb-preemptible []
1 3 0 | finished  98ea1aff-f2d2-11ef-bd7c-42010a668048 r2scand3light_Cc_GT_ACETAC_1_25_3_scf_0 compute-16core-64gb-preemptible []
2 2 0 | finished  98e9ad9d-f2d2-11ef-a678-42010a668048 r2scand3light_P-1_ITTT_ACETAC_3_409_2_scf_0 compute-16core-64gb-preemptible []
3 1 0 | finished  98e8b1e2-f2d2-11ef-89dd-42010a668048 r2scand3light_Pna21_SG_ACETAC_1_18_0_scf_0 compute-16core-64gb-preemptible []
4 0 0 | finished  98e8b2a9-f2d2-11ef-bd06-42010a668048 r2scand3light_P21c_TSI_ACETAC_3_1750_1_scf_0 compute-16core-64gb-preemptible []

All jobs have completed.

4 of 4 job(s) succeeded; 0 job(s) failed.

