Job information
JobId ..................................... bc99dd07-f395-11ef-a6c0-42010a660005
Name ................................................................ pbed3light
Program ........................................................... Periodic DFT
Version ....................................................... 2025-2 build 068
Host .............................................. frontend.virtual-cluster.lan
Dir ........ /personal-installations/santra/csp-dft-workflow/dft_jobs_suite-25-2
HostEntry ................................................ driver-4core-standard
Queue ..................................................................... None
JobHost ............................ driver-4core-standard-1.virtual-cluster.lan
JobDir ............... /scratch/santra/jobs/bc99dd07-f395-11ef-a6c0-42010a660005
JobSchrodinger ...... /opt/schrodinger/suite/suitefs/suites/suite2025-2-build068
Commandline  /opt/schrodinger/suite/suitefs/suites/suite2025-2-build053/run
periodic_dft_gui_dir/periodic_dft_driver.py -cfg_file pbed3light.cfg pbed3light-
in.maegz -TPP 16 -JOBNAME pbed3light -HOST driver-4core-standard -SUBHOST
compute-16core-64gb-preemptible:100 -max_retries 5 -qargs=--no-requeue
-save_failures -npools 1
StartTime .................................................. 2025-02-25-16:29:54
JobHostStartTime ...................................... Tue Feb 25 16:29:56 2025

Command line options:
OMP .......................................................................... 1
TPP ......................................................................... 16
cfg_file ........................................................ pbed3light.cfg
gpu ...................................................................... False
input_file ................................................. pbed3light-in.maegz
max_retries .................................................................. 5
md_chkpoint ............................................................... None
md_trj_file ............................................................... None
nband ..................................................................... None
nimage .................................................................... None
npools ....................................................................... 1
ntg ....................................................................... None
qargs ............................................................. --no-requeue
save_failures ............................................................. True
save_props ............................................................... False
write_only ............................................................... False
Using run_qe from /personal-installations/santra/schrodinger_qe_2025-2/run_qe
Reuse driver host: False.
pbed3light_P21c_TSI_ACETAC_3_1750_0: Adding VC-RELAX step
pbed3light_Pna21_SG_ACETAC_1_18_1: Adding VC-RELAX step
pbed3light_Cc_GT_ACETAC_1_25_2: Adding VC-RELAX step
pbed3light_P-1_ITTT_ACETAC_3_409_3: Adding VC-RELAX step
pbed3light_P21c_TSI_ACETAC_3_1750_0: VC-RELAX: Generating input...
pbed3light_Pna21_SG_ACETAC_1_18_1: VC-RELAX: Generating input...
pbed3light_Cc_GT_ACETAC_1_25_2: VC-RELAX: Generating input...
pbed3light_P-1_ITTT_ACETAC_3_409_3: VC-RELAX: Generating input...
pbed3light_Cc_GT_ACETAC_1_25_2: VC-RELAX: Finalizing this step...
pbed3light_P-1_ITTT_ACETAC_3_409_3: VC-RELAX: Finalizing this step...
pbed3light_Pna21_SG_ACETAC_1_18_1: VC-RELAX: Finalizing this step...
pbed3light_P21c_TSI_ACETAC_3_1750_0: VC-RELAX: Finalizing this step...
All done.
