Job information
JobId ..................................... c32faee7-f395-11ef-b349-42010a668048
Name ................................. pbed3light_Cc_GT_ACETAC_1_25_2_vc-relax_0
Program ............................................ Quantum ESPRESSO executable
Version ....................................................... 2025-2 build 068
Host ............................... driver-4core-standard-1.virtual-cluster.lan
Dir .................. /scratch/santra/jobs/bc99dd07-f395-11ef-a6c0-42010a660005
HostEntry ...................................... compute-16core-64gb-preemptible
Queue ..................................................................... None
JobHost ................ compute-16core-64gb-preemptible-462.virtual-cluster.lan
JobDir ............... /scratch/santra/jobs/c32faee7-f395-11ef-b349-42010a668048
JobSchrodinger ...... /opt/schrodinger/suite/suitefs/suites/suite2025-2-build068
Commandline  /opt/schrodinger/suite/suitefs/suites/suite2025-2-build068/run periodic_dft_gui_dir/runner.py pw.x pbed3light_Cc_GT_ACETAC_1_25_2_vc-relax_0.in -JOBNAME pbed3light_Cc_GT_ACETAC_1_25_2_vc-relax_0 -OMP 1 -MPICORES 16 -npools 1 -QARG --no-requeue -collect rho,dataxml -retry_preempted -wall_time 82800 -HOST compute-16core-64gb-preemptible:1
StartTime .................................................. 2025-02-25-16:30:19
JobHostStartTime ...................................... Tue Feb 25 16:30:35 2025
Backend requested MPICORES = 16
Hosts list:  ['compute-16core-64gb-preemptible-462', 'compute-16core-64gb-preemptible-462', 'compute-16core-64gb-preemptible-462', 'compute-16core-64gb-preemptible-462', 'compute-16core-64gb-preemptible-462', 'compute-16core-64gb-preemptible-462', 'compute-16core-64gb-preemptible-462', 'compute-16core-64gb-preemptible-462', 'compute-16core-64gb-preemptible-462', 'compute-16core-64gb-preemptible-462', 'compute-16core-64gb-preemptible-462', 'compute-16core-64gb-preemptible-462', 'compute-16core-64gb-preemptible-462', 'compute-16core-64gb-preemptible-462', 'compute-16core-64gb-preemptible-462', 'compute-16core-64gb-preemptible-462']
Running a subprocess:
/personal-installations/santra/schrodinger_qe_2025-2/run_qe pw.x 16 1 pbed3light_Cc_GT_ACETAC_1_25_2_vc-relax_0.in -npools 1
All done (exit code: 0) at Tue Feb 25 16:31:42 2025.
